2021-10-08 02:07:57,017 - main - INFO - set_logger - Write to <FileHandler /home/umterrick/PycharmProjects/bot-start/log/main.log (DEBUG)>
2021-10-08 02:07:57,022 - main - INFO - <module> - ===== STARTUP BOT =====
2021-10-08 02:08:36,598 - main - INFO - check_state_for_user_message - Got msg: turn_back in state MainStates:show_my_courses changed to MainStates:show_my_courses
2021-10-08 02:09:11,586 - main - INFO - auth_step_two - User Vlad Usichenko enter as Учень
2021-10-08 02:09:13,142 - main - INFO - menu_btn_clicked - User Vlad Usichenko viewing categories
2021-10-08 02:17:57,706 - main - INFO - schedule_push - *** Today is Lesson in group id = 1
2021-10-08 02:17:57,707 - main - INFO - schedule_push - *** Today is Lesson in group id = 2
2021-10-08 02:19:50,954 - main - INFO - courses_list_request - User Vlad Usichenko viewing courses on category 1
2021-10-08 02:19:52,385 - main - INFO - group_list_request - User Vlad Usichenko viewing groups on course id = 1
2021-10-08 02:19:53,877 - main - INFO - group_request - User Vlad Usichenko viewing group info 
2021-10-08 02:19:54,035 - main - INFO - courses_list_request - User Vlad Usichenko viewing courses on category 1
2021-10-08 02:19:54,087 - main - WARNING - courses_list_request - Skip deleting call message
2021-10-08 02:20:11,014 - main - INFO - group_list_request - User Vlad Usichenko viewing groups on course id = 1
2021-10-08 02:27:57,736 - main - INFO - schedule_push - *** Today is Lesson in group id = 1
2021-10-08 02:27:57,739 - main - INFO - schedule_push - *** Today is Lesson in group id = 2
2021-10-08 02:30:23,881 - main - INFO - group_request - User Vlad Usichenko viewing group info 
2021-10-08 02:30:24,493 - main - INFO - courses_list_request - User Vlad Usichenko viewing courses on category 1
2021-10-08 02:30:24,596 - main - WARNING - courses_list_request - Skip deleting call message
2021-10-08 02:30:51,125 - main - INFO - group_list_request - User Vlad Usichenko viewing groups on course id = 1
2021-10-08 02:30:53,039 - main - INFO - group_request - User Vlad Usichenko viewing group info 
2021-10-08 02:30:53,351 - main - INFO - courses_list_request - User Vlad Usichenko viewing courses on category 1
2021-10-08 02:30:53,453 - main - WARNING - courses_list_request - Skip deleting call message
2021-10-08 02:30:54,273 - main - INFO - group_list_request - User Vlad Usichenko viewing groups on course id = turn_back
2021-10-08 02:30:57,344 - main - INFO - courses_list_request - User Vlad Usichenko viewing courses on category turn_back
2021-10-08 02:31:28,674 - main - INFO - on_shutdown - ===== SHUTDOWN BOT ====
2021-10-08 02:31:29,110 - main - INFO - set_logger - Write to <FileHandler /home/umterrick/PycharmProjects/bot-start/log/main.log (DEBUG)>
2021-10-08 02:31:29,116 - main - INFO - <module> - ===== STARTUP BOT =====
2021-10-08 02:33:29,415 - main - INFO - check_state_for_user_message - Got msg: contacts in state MainStates:wait_menu_click changed to MainStates:wait_menu_click
2021-10-08 02:41:29,993 - main - INFO - schedule_push - *** Today is Lesson in group id = 1
2021-10-08 02:41:29,995 - main - INFO - schedule_push - *** Today is Lesson in group id = 2
2021-10-08 02:41:32,910 - main - INFO - menu_btn_clicked - User Vlad Usichenko viewing categories
2021-10-08 02:41:34,808 - main - INFO - courses_list_request - User Vlad Usichenko viewing courses on category 1
2021-10-08 02:41:38,248 - main - INFO - group_list_request - User Vlad Usichenko viewing groups on course id = 1
2021-10-08 02:41:42,460 - main - INFO - group_request - User Vlad Usichenko viewing group info 
2021-10-08 02:41:44,908 - main - INFO - client_answer_enroll_message - User Vlad Usichenko accept or decline enroll sending
2021-10-08 02:41:47,373 - main - INFO - check_state_for_user_message - Got msg: {"s": true, "u": 5, "g": [2, 1]} in state MainStates:answer_enroll changed to MainStates:answer_enroll
2021-10-08 02:41:48,384 - main - INFO - check_client_enroll - Admin Vlad Usichenko answer to user enroll
2021-10-08 02:41:48,394 - main - INFO - check_client_enroll - User Vlad Usichenko ACCEPT umterrik enroll
2021-10-08 02:41:52,092 - main - INFO - menu_btn_clicked - User Vlad Usichenko viewing users courses
2021-10-08 02:51:30,064 - main - INFO - schedule_push - *** Today is Lesson in group id = 1
2021-10-08 02:51:30,067 - main - INFO - schedule_push - *** Today is Lesson in group id = 2
2021-10-08 02:52:28,994 - main - INFO - auth_step_two - User Vlad Usichenko try to enter as Trainer
2021-10-08 02:53:19,659 - main - INFO - on_shutdown - ===== SHUTDOWN BOT ====
2021-10-08 02:53:20,290 - main - INFO - set_logger - Write to <FileHandler /home/umterrick/PycharmProjects/bot-start/log/main.log (DEBUG)>
2021-10-08 02:53:20,295 - main - INFO - <module> - ===== STARTUP BOT =====
2021-10-08 02:53:21,703 - main - INFO - check_state_for_user_message - Got msg: 2222 in state MainStates:password_state changed to MainStates:password_state
2021-10-08 02:53:23,419 - main - INFO - auth_step_two - User Vlad Usichenko try to enter as Trainer
2021-10-08 02:53:25,375 - main - INFO - check_password - User Vlad Usichenko choose trainer name
2021-10-08 02:53:27,014 - main - INFO - trainer_name_clicked - User Vlad Usichenko auth as Trainer: Vlad2
2021-10-08 02:53:28,545 - main - INFO - menu_btn_clicked - User Vlad Usichenko viewing users courses
2021-10-08 02:53:30,210 - main - INFO - from_main_menu - User Vlad Usichenko viewing groups students
2021-10-08 02:53:32,331 - main - INFO - student_clicked - User Vlad Usichenko viewing student info student id = turn_back
2021-10-08 02:53:32,338 - main - INFO - menu_btn_clicked - User Vlad Usichenko viewing users courses
2021-10-08 02:53:33,561 - main - INFO - from_main_menu - User Vlad Usichenko viewing groups students
2021-10-08 02:53:33,565 - main - INFO - from_main_menu - User Vlad Usichenko want add chat to group
2021-10-08 02:53:46,662 - main - INFO - auth_step_two - User Vlad Usichenko enter as Учень
2021-10-08 02:53:49,114 - main - INFO - menu_btn_clicked - User Vlad Usichenko viewing contacts
2021-10-08 02:57:50,252 - main - INFO - menu_btn_clicked - User Vlad Usichenko viewing users courses
2021-10-08 03:03:21,029 - main - INFO - schedule_push - *** Today is Lesson in group id = 1
2021-10-08 03:03:21,032 - main - INFO - schedule_push - *** Today is Lesson in group id = 2
2021-10-08 03:07:00,072 - main - INFO - auth_step_two - User Vlad Usichenko enter as Учень
2021-10-08 03:07:06,006 - main - INFO - auth_step_two - User Vlad Usichenko enter as Учень
2021-10-08 03:07:07,326 - main - INFO - menu_btn_clicked - User Vlad Usichenko viewing categories
2021-10-08 03:07:08,861 - main - INFO - courses_list_request - User Vlad Usichenko viewing courses on category turn_back
2021-10-08 03:07:10,115 - main - INFO - menu_btn_clicked - User Vlad Usichenko viewing contacts
2021-10-08 03:07:13,980 - main - INFO - menu_btn_clicked - User Vlad Usichenko viewing categories
2021-10-08 03:07:15,410 - main - INFO - courses_list_request - User Vlad Usichenko viewing courses on category 2
2021-10-08 03:07:35,416 - main - INFO - group_list_request - User Vlad Usichenko viewing groups on course id = 2
2021-10-08 03:07:37,521 - main - INFO - group_request - User Vlad Usichenko viewing group info 
2021-10-08 03:07:37,813 - main - INFO - courses_list_request - User Vlad Usichenko viewing courses on category 2
2021-10-08 03:07:37,865 - main - WARNING - courses_list_request - Skip deleting call message
2021-10-08 03:07:39,157 - main - INFO - group_list_request - User Vlad Usichenko viewing groups on course id = turn_back
2021-10-08 03:07:41,825 - main - INFO - courses_list_request - User Vlad Usichenko viewing courses on category 1
2021-10-08 03:07:44,216 - main - INFO - group_list_request - User Vlad Usichenko viewing groups on course id = 1
2021-10-08 03:07:45,814 - main - INFO - group_request - User Vlad Usichenko viewing group info 
2021-10-08 03:07:47,764 - main - INFO - client_answer_enroll_message - User Vlad Usichenko accept or decline enroll sending
2021-10-08 03:07:51,026 - main - INFO - check_state_for_user_message - Got msg: {"s": true, "u": 5, "g": [2, 1]} in state MainStates:answer_enroll changed to MainStates:answer_enroll
2021-10-08 03:07:53,893 - main - INFO - check_client_enroll - Admin Vlad Usichenko answer to user enroll
2021-10-08 03:07:53,903 - main - INFO - check_client_enroll - User Vlad Usichenko ACCEPT umterrik enroll
2021-10-08 03:07:59,826 - main - INFO - menu_btn_clicked - User Vlad Usichenko viewing users courses
2021-10-08 03:08:04,740 - main - INFO - menu_btn_clicked - User Vlad Usichenko viewing categories
2021-10-08 03:08:06,173 - main - INFO - courses_list_request - User Vlad Usichenko viewing courses on category 2
2021-10-08 03:08:07,704 - main - INFO - group_list_request - User Vlad Usichenko viewing groups on course id = 2
2021-10-08 03:08:09,648 - main - INFO - group_request - User Vlad Usichenko viewing group info 
2021-10-08 03:08:11,183 - main - INFO - client_answer_enroll_message - User Vlad Usichenko accept or decline enroll sending
2021-10-08 03:08:14,868 - main - INFO - check_client_enroll - Admin Vlad Usichenko answer to user enroll
2021-10-08 03:08:14,872 - main - INFO - check_client_enroll - User Vlad Usichenko DECLINE umterrik enroll
2021-10-08 03:13:21,128 - main - INFO - schedule_push - *** Today is Lesson in group id = 1
2021-10-08 03:13:21,129 - main - INFO - schedule_push - *** Today is Lesson in group id = 2
2021-10-08 03:16:06,860 - main - INFO - menu_btn_clicked - User Vlad Usichenko viewing categories
2021-10-08 03:16:07,955 - main - INFO - courses_list_request - User Vlad Usichenko viewing courses on category 2
2021-10-08 03:16:09,493 - main - INFO - group_list_request - User Vlad Usichenko viewing groups on course id = 2
2021-10-08 03:16:10,938 - main - INFO - group_request - User Vlad Usichenko viewing group info 
2021-10-08 03:16:12,173 - main - INFO - client_answer_enroll_message - User Vlad Usichenko accept or decline enroll sending
2021-10-08 03:16:14,607 - main - INFO - check_client_enroll - Admin Vlad Usichenko answer to user enroll
2021-10-08 03:16:14,616 - main - INFO - check_client_enroll - User Vlad Usichenko ACCEPT umterrik enroll
2021-10-08 03:16:36,918 - main - INFO - menu_btn_clicked - User Vlad Usichenko viewing categories
2021-10-08 03:16:37,941 - main - INFO - courses_list_request - User Vlad Usichenko viewing courses on category 2
2021-10-08 03:16:39,272 - main - INFO - group_list_request - User Vlad Usichenko viewing groups on course id = 2
2021-10-08 03:16:40,608 - main - INFO - group_request - User Vlad Usichenko viewing group info 
2021-10-08 03:16:41,930 - main - INFO - client_answer_enroll_message - User Vlad Usichenko accept or decline enroll sending
2021-10-08 03:16:43,905 - main - INFO - check_client_enroll - Admin Vlad Usichenko answer to user enroll
2021-10-08 03:16:43,912 - main - INFO - check_client_enroll - User Vlad Usichenko ACCEPT umterrik enroll
2021-10-08 03:19:27,105 - main - INFO - auth_step_two - User Vlad Usichenko try to enter as Trainer
2021-10-08 03:19:28,943 - main - INFO - auth_step_two - User Vlad Usichenko enter as Учень
2021-10-08 03:19:31,190 - main - INFO - menu_btn_clicked - User Vlad Usichenko viewing categories
2021-10-08 03:19:32,449 - main - INFO - courses_list_request - User Vlad Usichenko viewing courses on category 2
2021-10-08 03:19:33,751 - main - INFO - group_list_request - User Vlad Usichenko viewing groups on course id = 2
2021-10-08 03:19:35,078 - main - INFO - group_request - User Vlad Usichenko viewing group info 
2021-10-08 03:19:36,878 - main - INFO - client_answer_enroll_message - User Vlad Usichenko accept or decline enroll sending
2021-10-08 03:19:39,684 - main - INFO - check_client_enroll - Admin Vlad Usichenko answer to user enroll
2021-10-08 03:19:39,687 - main - INFO - check_client_enroll - User Vlad Usichenko ACCEPT umterrik enroll
2021-10-08 03:23:21,230 - main - INFO - schedule_push - *** Today is Lesson in group id = 1
2021-10-08 03:23:21,232 - main - INFO - schedule_push - *** Today is Lesson in group id = 2
2021-10-08 03:33:21,330 - main - INFO - schedule_push - *** Today is Lesson in group id = 1
2021-10-08 03:33:21,331 - main - INFO - schedule_push - *** Today is Lesson in group id = 2
2021-10-08 03:37:17,559 - main - INFO - on_shutdown - ===== SHUTDOWN BOT ====
2021-10-08 03:37:18,195 - main - INFO - set_logger - Write to <FileHandler /home/umterrick/PycharmProjects/bot-start/log/main.log (DEBUG)>
2021-10-08 03:37:18,197 - main - INFO - <module> - ===== STARTUP BOT =====
2021-10-08 03:37:31,360 - main - INFO - check_state_for_user_message - Got msg: turn_back in state MainStates:wait_menu_click changed to MainStates:wait_menu_click
2021-10-08 03:37:33,617 - main - INFO - auth_step_two - User Vlad Usichenko enter as Учень
2021-10-08 03:37:36,295 - main - INFO - menu_btn_clicked - User Vlad Usichenko viewing categories
2021-10-08 03:37:37,877 - main - INFO - courses_list_request - User Vlad Usichenko viewing courses on category turn_back
2021-10-08 03:37:38,930 - main - INFO - menu_btn_clicked - User Vlad Usichenko viewing users courses
2021-10-08 03:37:41,909 - main - INFO - menu_btn_clicked - User Vlad Usichenko viewing categories
2021-10-08 03:37:42,808 - main - INFO - courses_list_request - User Vlad Usichenko viewing courses on category 2
2021-10-08 03:37:44,354 - main - INFO - group_list_request - User Vlad Usichenko viewing groups on course id = 2
2021-10-08 03:37:47,937 - main - INFO - group_request - User Vlad Usichenko viewing group info 
2021-10-08 03:38:16,644 - main - INFO - on_shutdown - ===== SHUTDOWN BOT ====
2021-10-08 03:38:17,365 - main - INFO - set_logger - Write to <FileHandler /home/umterrick/PycharmProjects/bot-start/log/main.log (DEBUG)>
2021-10-08 03:38:17,370 - main - INFO - <module> - ===== STARTUP BOT =====
2021-10-08 03:38:19,174 - main - INFO - check_state_for_user_message - Got msg: false in state MainStates:wait_for_client_answer changed to MainStates:wait_for_client_answer
2021-10-08 03:38:19,594 - main - INFO - client_answer_enroll_message - User Vlad Usichenko accept or decline enroll sending
2021-10-08 03:38:52,821 - main - INFO - menu_btn_clicked - User Vlad Usichenko viewing categories
2021-10-08 03:38:54,158 - main - INFO - courses_list_request - User Vlad Usichenko viewing courses on category 2
2021-10-08 03:38:56,093 - main - INFO - group_list_request - User Vlad Usichenko viewing groups on course id = 2
2021-10-08 03:38:57,525 - main - INFO - group_request - User Vlad Usichenko viewing group info 
2021-10-08 03:38:59,492 - main - INFO - client_answer_enroll_message - User Vlad Usichenko accept or decline enroll sending
2021-10-08 03:39:45,419 - main - INFO - menu_btn_clicked - User Vlad Usichenko viewing categories
2021-10-08 03:39:46,749 - main - INFO - courses_list_request - User Vlad Usichenko viewing courses on category 2
2021-10-08 03:39:47,999 - main - INFO - group_list_request - User Vlad Usichenko viewing groups on course id = 2
2021-10-08 03:39:50,844 - main - INFO - group_request - User Vlad Usichenko viewing group info 
2021-10-08 03:39:52,931 - main - INFO - client_answer_enroll_message - User Vlad Usichenko accept or decline enroll sending
2021-10-08 03:40:29,335 - main - INFO - on_shutdown - ===== SHUTDOWN BOT ====
2021-10-08 03:40:30,051 - main - INFO - set_logger - Write to <FileHandler /home/umterrick/PycharmProjects/bot-start/log/main.log (DEBUG)>
2021-10-08 03:40:30,053 - main - INFO - <module> - ===== STARTUP BOT =====
2021-10-08 03:43:10,832 - main - INFO - on_shutdown - ===== SHUTDOWN BOT ====
2021-10-08 03:43:11,426 - main - INFO - set_logger - Write to <FileHandler /home/umterrick/PycharmProjects/bot-start/log/main.log (DEBUG)>
2021-10-08 03:43:11,431 - main - INFO - <module> - ===== STARTUP BOT =====
2021-10-08 03:43:13,474 - main - INFO - check_state_for_user_message - Got msg: all_courses in state MainStates:wait_menu_click changed to MainStates:wait_menu_click
2021-10-08 03:43:14,191 - main - INFO - menu_btn_clicked - User Vlad Usichenko viewing categories
2021-10-08 03:43:15,221 - main - INFO - courses_list_request - User Vlad Usichenko viewing courses on category 2
2021-10-08 03:43:16,846 - main - INFO - group_list_request - User Vlad Usichenko viewing groups on course id = 2
2021-10-08 03:43:18,704 - main - INFO - group_request - User Vlad Usichenko viewing group info 
2021-10-08 03:43:20,428 - main - INFO - client_answer_enroll_message - User Vlad Usichenko accept or decline enroll sending
2021-10-08 03:43:35,196 - main - INFO - on_shutdown - ===== SHUTDOWN BOT ====
2021-10-08 03:43:35,617 - main - INFO - set_logger - Write to <FileHandler /home/umterrick/PycharmProjects/bot-start/log/main.log (DEBUG)>
2021-10-08 03:43:35,619 - main - INFO - <module> - ===== STARTUP BOT =====
2021-10-08 03:43:37,726 - main - INFO - check_state_for_user_message - Got msg: all_courses in state MainStates:wait_menu_click changed to MainStates:wait_menu_click
2021-10-08 03:43:38,542 - main - INFO - menu_btn_clicked - User Vlad Usichenko viewing categories
2021-10-08 03:43:43,146 - main - INFO - courses_list_request - User Vlad Usichenko viewing courses on category 2
2021-10-08 03:43:44,438 - main - INFO - group_list_request - User Vlad Usichenko viewing groups on course id = 2
2021-10-08 03:43:45,705 - main - INFO - group_request - User Vlad Usichenko viewing group info 
2021-10-08 03:43:46,935 - main - INFO - client_answer_enroll_message - User Vlad Usichenko accept or decline enroll sending
2021-10-08 03:46:03,624 - main - INFO - on_shutdown - ===== SHUTDOWN BOT ====
2021-10-08 03:46:04,485 - main - INFO - set_logger - Write to <FileHandler /home/umterrick/PycharmProjects/bot-start/log/main.log (DEBUG)>
2021-10-08 03:46:04,489 - main - INFO - <module> - ===== STARTUP BOT =====
2021-10-08 03:46:09,489 - main - INFO - check_state_for_user_message - Got msg: turn_back in state MainStates:wait_menu_click changed to MainStates:wait_menu_click
2021-10-08 03:46:11,750 - main - INFO - auth_step_two - User Vlad Usichenko enter as Учень
2021-10-08 03:46:12,780 - main - INFO - menu_btn_clicked - User Vlad Usichenko viewing categories
2021-10-08 03:46:13,887 - main - INFO - courses_list_request - User Vlad Usichenko viewing courses on category 2
2021-10-08 03:46:15,540 - main - INFO - group_list_request - User Vlad Usichenko viewing groups on course id = 2
2021-10-08 03:46:17,674 - main - INFO - group_request - User Vlad Usichenko viewing group info 
2021-10-08 03:46:19,311 - main - INFO - client_answer_enroll_message - User Vlad Usichenko accept or decline enroll sending
2021-10-08 03:46:32,616 - main - INFO - auth_user_type - auth_user_type | Start on user: {'name': 'Vlad2', 'type': 3} ([] = new user)
2021-10-08 03:46:32,717 - main - INFO - auth_user_type - auth_user_type | Registered user 396247215 start Bot
2021-10-08 03:46:35,408 - main - INFO - menu_btn_clicked - User Vlad Usichenko viewing categories
2021-10-08 03:46:36,505 - main - INFO - courses_list_request - User Vlad Usichenko viewing courses on category 2
2021-10-08 03:46:37,602 - main - INFO - group_list_request - User Vlad Usichenko viewing groups on course id = 2
2021-10-08 03:46:38,726 - main - INFO - group_request - User Vlad Usichenko viewing group info 
2021-10-08 03:46:40,142 - main - INFO - client_answer_enroll_message - User Vlad Usichenko accept or decline enroll sending
2021-10-08 03:46:46,737 - main - INFO - menu_btn_clicked - User Vlad Usichenko viewing categories
2021-10-08 03:46:47,768 - main - INFO - courses_list_request - User Vlad Usichenko viewing courses on category 2
2021-10-08 03:46:48,914 - main - INFO - group_list_request - User Vlad Usichenko viewing groups on course id = 2
2021-10-08 03:46:50,354 - main - INFO - group_request - User Vlad Usichenko viewing group info 
2021-10-08 03:46:51,538 - main - INFO - client_answer_enroll_message - User Vlad Usichenko accept or decline enroll sending
2021-10-08 03:56:05,182 - main - INFO - schedule_push - *** Today is Lesson in group id = 1
2021-10-08 03:56:05,184 - main - INFO - schedule_push - *** Today is Lesson in group id = 2
2021-10-08 03:56:18,184 - main - INFO - menu_btn_clicked - User Vlad Usichenko viewing contacts
2021-10-08 03:56:20,850 - main - INFO - menu_btn_clicked - User Vlad Usichenko viewing categories
2021-10-08 03:56:22,373 - main - INFO - courses_list_request - User Vlad Usichenko viewing courses on category 1
2021-10-08 03:56:23,703 - main - INFO - group_list_request - User Vlad Usichenko viewing groups on course id = turn_back
2021-10-08 03:56:24,834 - main - INFO - courses_list_request - User Vlad Usichenko viewing courses on category 2
2021-10-08 03:56:28,819 - main - INFO - group_list_request - User Vlad Usichenko viewing groups on course id = turn_back
2021-10-08 03:56:29,740 - main - INFO - courses_list_request - User Vlad Usichenko viewing courses on category 1
2021-10-08 03:56:33,643 - main - INFO - group_list_request - User Vlad Usichenko viewing groups on course id = turn_back
2021-10-08 03:56:42,635 - main - INFO - courses_list_request - User Vlad Usichenko viewing courses on category 1
2021-10-08 03:56:45,945 - main - INFO - group_list_request - User Vlad Usichenko viewing groups on course id = 1
2021-10-08 03:56:47,360 - main - INFO - group_request - User Vlad Usichenko viewing group info 
2021-10-08 03:56:49,286 - main - INFO - client_answer_enroll_message - User Vlad Usichenko accept or decline enroll sending
2021-10-08 03:57:11,904 - main - INFO - check_state_for_user_message - Got msg: {"s": false, "u": 5, "g": [3]} in state MainStates:answer_enroll changed to MainStates:answer_enroll
2021-10-08 03:57:14,122 - main - INFO - check_client_enroll - Admin Vlad Usichenko answer to user enroll
2021-10-08 03:57:14,131 - main - INFO - check_client_enroll - User Vlad Usichenko DECLINE umterrik enroll
2021-10-08 03:57:15,596 - main - INFO - check_client_enroll - Admin Vlad Usichenko answer to user enroll
2021-10-08 03:57:15,599 - main - INFO - check_client_enroll - User Vlad Usichenko DECLINE umterrik enroll
2021-10-08 03:57:17,230 - main - INFO - check_client_enroll - Admin Vlad Usichenko answer to user enroll
2021-10-08 03:57:17,233 - main - INFO - check_client_enroll - User Vlad Usichenko DECLINE umterrik enroll
2021-10-08 03:57:24,288 - main - INFO - menu_btn_clicked - User Vlad Usichenko viewing categories
2021-10-08 03:57:25,513 - main - INFO - courses_list_request - User Vlad Usichenko viewing courses on category 2
2021-10-08 03:57:26,844 - main - INFO - group_list_request - User Vlad Usichenko viewing groups on course id = 2
2021-10-08 03:57:27,969 - main - INFO - group_request - User Vlad Usichenko viewing group info 
2021-10-08 03:57:28,896 - main - INFO - client_answer_enroll_message - User Vlad Usichenko accept or decline enroll sending
2021-10-08 03:57:39,745 - main - INFO - menu_btn_clicked - User Vlad Usichenko viewing categories
2021-10-08 03:57:45,269 - main - INFO - courses_list_request - User Vlad Usichenko viewing courses on category 1
2021-10-08 03:57:50,793 - main - INFO - group_list_request - User Vlad Usichenko viewing groups on course id = 1
2021-10-08 03:57:52,328 - main - INFO - group_request - User Vlad Usichenko viewing group info 
2021-10-08 03:57:55,007 - main - INFO - client_answer_enroll_message - User Vlad Usichenko accept or decline enroll sending
2021-10-08 03:58:12,814 - main - INFO - check_client_enroll - Admin Vlad Usichenko answer to user enroll
2021-10-08 03:58:12,822 - main - INFO - check_client_enroll - User Vlad Usichenko ACCEPT umterrik enroll
2021-10-08 03:58:17,194 - main - INFO - menu_btn_clicked - User Vlad Usichenko viewing categories
2021-10-08 03:58:18,117 - main - INFO - courses_list_request - User Vlad Usichenko viewing courses on category 1
2021-10-08 03:58:19,139 - main - INFO - group_list_request - User Vlad Usichenko viewing groups on course id = 1
2021-10-08 03:58:20,394 - main - INFO - group_request - User Vlad Usichenko viewing group info 
2021-10-08 03:58:23,239 - main - INFO - client_answer_enroll_message - User Vlad Usichenko accept or decline enroll sending
2021-10-08 03:58:50,974 - main - INFO - auth_step_two - User Vlad Usichenko enter as Учень
2021-10-08 03:58:53,524 - main - INFO - menu_btn_clicked - User Vlad Usichenko viewing categories
2021-10-08 03:58:54,752 - main - INFO - courses_list_request - User Vlad Usichenko viewing courses on category turn_back
2021-10-08 04:06:05,187 - main - INFO - schedule_push - *** Today is Lesson in group id = 1
2021-10-08 04:06:05,189 - main - INFO - schedule_push - *** Today is Lesson in group id = 2
2021-10-08 04:16:05,280 - main - INFO - schedule_push - *** Today is Lesson in group id = 1
2021-10-08 04:16:05,282 - main - INFO - schedule_push - *** Today is Lesson in group id = 2
2021-10-08 04:26:05,381 - main - INFO - schedule_push - *** Today is Lesson in group id = 1
2021-10-08 04:26:05,383 - main - INFO - schedule_push - *** Today is Lesson in group id = 2
2021-10-08 04:27:56,046 - main - INFO - auth_user_type - auth_user_type | Start on user: {'name': 'О. Трушик', 'type': 1} ([] = new user)
2021-10-08 04:27:56,351 - main - INFO - auth_user_type - auth_user_type | Registered user 284904801 start Bot
2021-10-08 04:28:22,046 - main - INFO - auth_step_two - User Mariam Khassan enter as Учень
2021-10-08 04:28:24,289 - main - INFO - menu_btn_clicked - User Mariam Khassan viewing users courses
2021-10-08 04:28:28,280 - main - INFO - menu_btn_clicked - User Mariam Khassan viewing categories
2021-10-08 04:28:30,531 - main - INFO - courses_list_request - User Mariam Khassan viewing courses on category 1
2021-10-08 04:28:36,671 - main - INFO - group_list_request - User Mariam Khassan viewing groups on course id = 1
2021-10-08 04:28:39,229 - main - INFO - group_request - User Mariam Khassan viewing group info 
2021-10-08 04:28:43,016 - main - INFO - client_answer_enroll_message - User Mariam Khassan accept or decline enroll sending
2021-10-08 04:28:51,817 - main - INFO - menu_btn_clicked - User Mariam Khassan viewing contacts
2021-10-08 04:28:59,390 - main - INFO - menu_btn_clicked - User Mariam Khassan viewing users courses
2021-10-08 04:29:16,480 - main - INFO - menu_btn_clicked - User Mariam Khassan viewing users courses
2021-10-08 04:29:27,218 - main - INFO - menu_btn_clicked - User Mariam Khassan viewing categories
2021-10-08 04:29:29,066 - main - INFO - courses_list_request - User Mariam Khassan viewing courses on category 2
2021-10-08 04:29:45,031 - main - INFO - group_list_request - User Mariam Khassan viewing groups on course id = 2
2021-10-08 04:29:47,490 - main - INFO - group_request - User Mariam Khassan viewing group info 
2021-10-08 04:29:50,147 - main - INFO - client_answer_enroll_message - User Mariam Khassan accept or decline enroll sending
2021-10-08 04:30:03,861 - main - INFO - check_state_for_user_message - Got msg: {"s": true, "u": 8, "g": [3]} in state MainStates:answer_enroll changed to MainStates:answer_enroll
2021-10-08 04:30:06,827 - main - INFO - check_client_enroll - Admin Mariam Khassan answer to user enroll
2021-10-08 04:30:06,836 - main - INFO - check_client_enroll - User Mariam Khassan ACCEPT khassanmariam enroll
2021-10-08 04:30:08,772 - main - INFO - check_client_enroll - Admin Mariam Khassan answer to user enroll
2021-10-08 04:30:08,779 - main - INFO - check_client_enroll - User Mariam Khassan ACCEPT khassanmariam enroll
2021-10-08 04:30:18,701 - main - INFO - menu_btn_clicked - User Mariam Khassan viewing contacts
2021-10-08 04:31:52,234 - main - INFO - from_main_menu - User Mariam Khassan viewing phone numbers
2021-10-08 04:31:54,484 - main - INFO - from_main_menu - User Mariam Khassan viewing phone numbers
2021-10-08 04:36:05,478 - main - INFO - schedule_push - *** Today is Lesson in group id = 1
2021-10-08 04:36:05,481 - main - INFO - schedule_push - *** Today is Lesson in group id = 2
2021-10-08 15:46:57,073 - main - INFO - schedule_push - *** Today is Lesson in group id = 1
2021-10-08 15:46:57,076 - main - INFO - schedule_push - *** Today is Lesson in group id = 2
2021-10-08 15:56:57,099 - main - INFO - schedule_push - *** Today is Lesson in group id = 1
2021-10-08 15:56:57,102 - main - INFO - schedule_push - *** Today is Lesson in group id = 2
2021-10-08 16:06:57,202 - main - INFO - schedule_push - *** Today is Lesson in group id = 1
2021-10-08 16:06:57,205 - main - INFO - schedule_push - *** Today is Lesson in group id = 2
2021-10-08 16:16:57,296 - main - INFO - schedule_push - *** Today is Lesson in group id = 1
2021-10-08 16:16:57,298 - main - INFO - schedule_push - *** Today is Lesson in group id = 2
2021-10-08 16:26:57,398 - main - INFO - schedule_push - *** Today is Lesson in group id = 1
2021-10-08 16:26:57,401 - main - INFO - schedule_push - *** Today is Lesson in group id = 2
2021-10-08 16:36:57,442 - main - INFO - schedule_push - *** Today is Lesson in group id = 1
2021-10-08 16:36:57,443 - main - INFO - schedule_push - *** Today is Lesson in group id = 2
2021-10-08 17:02:28,523 - main - INFO - schedule_push - *** Today is Lesson in group id = 1
2021-10-08 17:02:28,524 - main - INFO - schedule_push - *** Today is Lesson in group id = 2
2021-10-08 17:12:28,614 - main - INFO - schedule_push - *** Today is Lesson in group id = 1
2021-10-08 17:12:28,616 - main - INFO - schedule_push - *** Today is Lesson in group id = 2
2021-10-08 17:28:19,461 - main - INFO - schedule_push - *** Today is Lesson in group id = 1
2021-10-08 17:28:19,463 - main - INFO - schedule_push - *** Today is Lesson in group id = 2
2021-10-08 17:35:56,312 - main - INFO - on_shutdown - ===== SHUTDOWN BOT ====
2021-10-08 18:38:35,012 - main - INFO - set_logger - Write to <FileHandler /home/umterrick/PycharmProjects/bot-start/log/main.log (DEBUG)>
2021-10-08 18:38:35,018 - main - INFO - <module> - ===== STARTUP BOT =====
2021-10-08 18:38:35,625 - main - ERROR - <module> - <module>: Expected tables doesnt match: [] from ['groups', 'categories', 'courses', 'users', 'user_group', 'user_login'] 
2021-10-08 18:50:46,147 - main - INFO - on_shutdown - ===== SHUTDOWN BOT ====
2021-10-08 18:50:47,797 - main - INFO - set_logger - Write to <FileHandler /home/umterrick/PycharmProjects/bot-start/log/main.log (DEBUG)>
2021-10-08 18:50:47,802 - main - INFO - <module> - ===== STARTUP BOT =====
2021-10-08 18:50:52,098 - main - INFO - auth_user_type - auth_user_type | Start on user: {} ([] = new user)
2021-10-08 18:50:52,313 - main - INFO - auth_user_type - auth_user_type | New user added | {'name': 'Vlad Usichenko', 'nickname': 'umterrik', 'telegram': 396247215, 'contact': None, 'type': 0, 'state': 'MainStates:login_state'}
2021-10-08 18:50:56,014 - main - INFO - auth_step_two - User Vlad Usichenko enter as Учень
2021-10-08 18:51:05,823 - main - INFO - menu_btn_clicked - User Vlad Usichenko viewing categories
2021-10-08 18:51:07,594 - main - INFO - courses_list_request - User Vlad Usichenko viewing courses on category turn_back
2021-10-08 18:51:25,413 - main - INFO - menu_btn_clicked - User Vlad Usichenko viewing categories
2021-10-08 18:51:27,765 - main - INFO - courses_list_request - User Vlad Usichenko viewing courses on category 1
2021-10-08 18:51:34,423 - main - INFO - group_list_request - User Vlad Usichenko viewing groups on course id = turn_back
2021-10-08 18:52:33,206 - main - INFO - courses_list_request - User Vlad Usichenko viewing courses on category 1
2021-10-08 18:52:38,845 - main - INFO - group_list_request - User Vlad Usichenko viewing groups on course id = None
2021-10-08 18:52:39,762 - main - INFO - group_list_request - User Vlad Usichenko viewing groups on course id = None
2021-10-08 18:52:42,630 - main - INFO - group_list_request - User Vlad Usichenko viewing groups on course id = None
2021-10-08 18:52:47,857 - main - INFO - group_list_request - User Vlad Usichenko viewing groups on course id = None
2021-10-08 18:52:56,867 - main - INFO - group_list_request - User Vlad Usichenko viewing groups on course id = None
2021-10-08 18:53:14,166 - main - INFO - group_list_request - User Vlad Usichenko viewing groups on course id = None
2021-10-08 18:53:47,968 - main - INFO - group_list_request - User Vlad Usichenko viewing groups on course id = None
2021-10-08 18:54:50,149 - main - INFO - group_list_request - User Vlad Usichenko viewing groups on course id = None
2021-10-08 18:55:01,597 - main - INFO - on_shutdown - ===== SHUTDOWN BOT ====
2021-10-08 18:55:03,240 - main - INFO - set_logger - Write to <FileHandler /home/umterrick/PycharmProjects/bot-start/log/main.log (DEBUG)>
2021-10-08 18:55:03,246 - main - INFO - <module> - ===== STARTUP BOT =====
2021-10-08 18:55:06,013 - main - INFO - auth_user_type - auth_user_type | Start on user: {'name': 'Vlad Usichenko', 'type': 3} ([] = new user)
2021-10-08 18:55:06,187 - main - INFO - auth_user_type - auth_user_type | Registered user 396247215 start Bot
2021-10-08 18:55:07,792 - main - INFO - menu_btn_clicked - User Vlad Usichenko viewing categories
2021-10-08 18:55:09,462 - main - INFO - courses_list_request - User Vlad Usichenko viewing courses on category 1
2021-10-08 18:55:12,577 - main - INFO - group_list_request - User Vlad Usichenko viewing groups on course id = None
2021-10-08 18:55:13,657 - main - INFO - group_list_request - User Vlad Usichenko viewing groups on course id = None
2021-10-08 18:55:14,053 - main - WARNING - group_list_request - Skip deleting message
2021-10-08 18:55:16,353 - main - INFO - group_list_request - User Vlad Usichenko viewing groups on course id = None
2021-10-08 18:55:17,169 - main - WARNING - group_list_request - Skip deleting message
2021-10-08 18:55:21,639 - main - INFO - group_list_request - User Vlad Usichenko viewing groups on course id = None
2021-10-08 18:55:22,392 - main - WARNING - group_list_request - Skip deleting message
2021-10-08 18:55:30,692 - main - INFO - group_list_request - User Vlad Usichenko viewing groups on course id = None
2021-10-08 18:55:31,013 - main - WARNING - group_list_request - Skip deleting message
2021-10-08 18:55:47,281 - main - INFO - group_list_request - User Vlad Usichenko viewing groups on course id = None
2021-10-08 18:55:48,862 - main - WARNING - group_list_request - Skip deleting message
2021-10-08 18:56:00,216 - main - INFO - on_shutdown - ===== SHUTDOWN BOT ====
2021-10-08 18:56:02,687 - main - INFO - set_logger - Write to <FileHandler /home/umterrick/PycharmProjects/bot-start/log/main.log (DEBUG)>
2021-10-08 18:56:02,692 - main - INFO - <module> - ===== STARTUP BOT =====
2021-10-08 18:56:06,153 - main - INFO - auth_user_type - auth_user_type | Start on user: {'name': 'Vlad Usichenko', 'type': 3} ([] = new user)
2021-10-08 18:56:06,336 - main - INFO - auth_user_type - auth_user_type | Registered user 396247215 start Bot
2021-10-08 18:56:08,727 - main - INFO - menu_btn_clicked - User Vlad Usichenko viewing categories
2021-10-08 18:56:11,757 - main - INFO - courses_list_request - User Vlad Usichenko viewing courses on category 1
2021-10-08 18:56:15,383 - main - INFO - group_list_request - User Vlad Usichenko viewing groups on course id = None
2021-10-08 18:57:39,871 - main - INFO - on_shutdown - ===== SHUTDOWN BOT ====
2021-10-08 18:57:42,539 - main - INFO - set_logger - Write to <FileHandler /home/umterrick/PycharmProjects/bot-start/log/main.log (DEBUG)>
2021-10-08 18:57:42,544 - main - INFO - <module> - ===== STARTUP BOT =====
2021-10-08 18:57:46,940 - main - INFO - auth_user_type - auth_user_type | Start on user: {'name': 'Vlad Usichenko', 'type': 3} ([] = new user)
2021-10-08 18:57:47,146 - main - INFO - auth_user_type - auth_user_type | Registered user 396247215 start Bot
2021-10-08 18:57:48,477 - main - INFO - menu_btn_clicked - User Vlad Usichenko viewing categories
2021-10-08 18:57:49,933 - main - INFO - courses_list_request - User Vlad Usichenko viewing courses on category 1
2021-10-08 18:57:53,902 - main - INFO - group_list_request - User Vlad Usichenko viewing groups on course id = None
2021-10-08 18:57:56,874 - main - INFO - group_list_request - User Vlad Usichenko viewing groups on course id = None
2021-10-08 18:58:02,519 - main - INFO - group_list_request - User Vlad Usichenko viewing groups on course id = 1
2021-10-08 18:58:05,158 - main - INFO - group_request - User Vlad Usichenko viewing group info 
2021-10-08 18:58:05,824 - main - INFO - courses_list_request - User Vlad Usichenko viewing courses on category 1
2021-10-08 18:58:06,908 - main - WARNING - courses_list_request - Skip deleting call message
2021-10-08 18:58:08,658 - main - INFO - group_list_request - User Vlad Usichenko viewing groups on course id = None
2021-10-08 18:58:11,008 - main - INFO - group_list_request - User Vlad Usichenko viewing groups on course id = None
2021-10-08 18:59:19,103 - main - INFO - on_shutdown - ===== SHUTDOWN BOT ====
2021-10-08 18:59:21,242 - main - INFO - set_logger - Write to <FileHandler /home/umterrick/PycharmProjects/bot-start/log/main.log (DEBUG)>
2021-10-08 18:59:21,247 - main - INFO - <module> - ===== STARTUP BOT =====
2021-10-08 18:59:25,051 - main - INFO - check_state_for_user_message - Got msg: None in state MainStates:wait_for_course changed to MainStates:wait_for_course
2021-10-08 18:59:27,502 - main - INFO - group_list_request - User Vlad Usichenko viewing groups on course id = None
2021-10-08 18:59:28,425 - main - INFO - group_list_request - User Vlad Usichenko viewing groups on course id = None
2021-10-08 18:59:30,065 - main - INFO - group_list_request - User Vlad Usichenko viewing groups on course id = None
2021-10-08 18:59:45,471 - main - INFO - group_list_request - User Vlad Usichenko viewing groups on course id = turn_back
2021-10-08 18:59:47,623 - main - INFO - courses_list_request - User Vlad Usichenko viewing courses on category turn_back
2021-10-08 19:00:07,638 - main - INFO - menu_btn_clicked - User Vlad Usichenko viewing categories
2021-10-08 19:00:11,130 - main - INFO - courses_list_request - User Vlad Usichenko viewing courses on category turn_back
2021-10-08 19:00:13,513 - main - INFO - menu_btn_clicked - User Vlad Usichenko viewing users courses
2021-10-08 19:00:18,960 - main - INFO - menu_btn_clicked - User Vlad Usichenko viewing categories
2021-10-08 19:00:20,538 - main - INFO - courses_list_request - User Vlad Usichenko viewing courses on category 1
2021-10-08 19:00:25,043 - main - INFO - group_list_request - User Vlad Usichenko viewing groups on course id = 1
2021-10-08 19:00:28,523 - main - INFO - group_request - User Vlad Usichenko viewing group info 
2021-10-08 19:00:40,398 - main - INFO - auth_user_type - auth_user_type | Start on user: {} ([] = new user)
2021-10-08 19:00:40,807 - main - INFO - auth_user_type - auth_user_type | New user added | {'name': 'Vlad Usichenko', 'nickname': 'umterrik', 'telegram': -1001190771280, 'contact': None, 'type': 0, 'state': 'MainStates:login_state'}
2021-10-08 19:00:43,776 - main - INFO - auth_step_two - User Vlad Usichenko try to enter as Admin
2021-10-08 19:01:33,434 - main - ERROR - auth_step_two - auth_step_two | Incorrect User Type got : turn_back, 1,2,3 was expected (invalid literal for int() with base 10: 'turn_back')
2021-10-08 19:01:33,731 - main - INFO - on_shutdown - ===== SHUTDOWN BOT ====
2021-10-08 19:01:35,376 - main - INFO - set_logger - Write to <FileHandler /home/umterrick/PycharmProjects/bot-start/log/main.log (DEBUG)>
2021-10-08 19:01:35,382 - main - INFO - <module> - ===== STARTUP BOT =====
2021-10-08 19:01:39,163 - main - INFO - auth_user_type - auth_user_type | Start on user: {} ([] = new user)
2021-10-08 19:01:39,471 - main - INFO - auth_user_type - auth_user_type | New user added | {'name': 'Vlad Usichenko', 'nickname': 'umterrik', 'telegram': -1001190771280, 'contact': None, 'type': 0, 'state': 'MainStates:login_state'}
2021-10-08 19:01:46,740 - main - INFO - auth_step_two - User Vlad Usichenko try to enter as Admin
2021-10-08 19:02:15,164 - main - INFO - on_shutdown - ===== SHUTDOWN BOT ====
2021-10-08 19:02:17,357 - main - INFO - set_logger - Write to <FileHandler /home/umterrick/PycharmProjects/bot-start/log/main.log (DEBUG)>
2021-10-08 19:02:17,363 - main - INFO - <module> - ===== STARTUP BOT =====
2021-10-08 19:02:21,556 - main - INFO - auth_user_type - auth_user_type | Start on user: {} ([] = new user)
2021-10-08 19:02:22,068 - main - INFO - auth_user_type - auth_user_type | New user added | {'name': 'Vlad Usichenko', 'nickname': 'umterrik', 'telegram': -1001190771280, 'contact': None, 'type': 0, 'state': 'MainStates:login_state'}
2021-10-08 19:02:26,024 - main - INFO - auth_step_two - User Vlad Usichenko try to enter as Admin
2021-10-08 19:03:27,598 - main - INFO - on_shutdown - ===== SHUTDOWN BOT ====
2021-10-08 19:03:29,263 - main - INFO - set_logger - Write to <FileHandler /home/umterrick/PycharmProjects/bot-start/log/main.log (DEBUG)>
2021-10-08 19:03:29,268 - main - INFO - <module> - ===== STARTUP BOT =====
2021-10-08 19:03:32,977 - main - INFO - check_state_for_user_message - Got msg: 1111 in state MainStates:login_state changed to MainStates:login_state
2021-10-08 19:03:35,507 - main - INFO - on_shutdown - ===== SHUTDOWN BOT ====
2021-10-08 19:03:37,354 - main - INFO - set_logger - Write to <FileHandler /home/umterrick/PycharmProjects/bot-start/log/main.log (DEBUG)>
2021-10-08 19:03:37,359 - main - INFO - <module> - ===== STARTUP BOT =====
2021-10-08 19:03:46,560 - main - INFO - auth_user_type - auth_user_type | Start on user: {} ([] = new user)
2021-10-08 19:03:46,867 - main - INFO - auth_user_type - auth_user_type | New user added | {'name': 'Vlad Usichenko', 'nickname': 'umterrik', 'telegram': -1001190771280, 'contact': None, 'type': 0, 'state': 'MainStates:login_state'}
2021-10-08 19:05:32,546 - main - INFO - on_shutdown - ===== SHUTDOWN BOT ====
2021-10-08 19:05:34,498 - main - INFO - set_logger - Write to <FileHandler /home/umterrick/PycharmProjects/bot-start/log/main.log (DEBUG)>
2021-10-08 19:05:34,503 - main - INFO - <module> - ===== STARTUP BOT =====
2021-10-08 19:05:53,539 - main - INFO - auth_user_type - auth_user_type | Start on user: {} ([] = new user)
2021-10-08 19:05:53,880 - main - INFO - auth_user_type - auth_user_type | New user added | {'name': 'Vlad Usichenko', 'nickname': 'umterrik', 'telegram': -1001190771280, 'contact': None, 'type': 0, 'state': 'MainStates:login_state'}
2021-10-08 19:05:57,740 - main - INFO - auth_step_two - User Vlad Usichenko try to enter as Admin
2021-10-08 19:06:08,693 - main - INFO - check_password - User Vlad Usichenko auth in AdminChat
2021-10-08 19:06:48,412 - main - INFO - check_state_for_user_message - Got msg: Ні in state MainStates:wait_for_client_answer changed to MainStates:wait_for_client_answer
2021-10-08 19:06:54,861 - main - INFO - client_answer_enroll_message - User Vlad Usichenko accept or decline enroll sending
2021-10-08 19:07:01,617 - main - INFO - menu_btn_clicked - User Vlad Usichenko viewing categories
2021-10-08 19:07:03,869 - main - INFO - courses_list_request - User Vlad Usichenko viewing courses on category 1
2021-10-08 19:07:06,735 - main - INFO - group_list_request - User Vlad Usichenko viewing groups on course id = 1
2021-10-08 19:07:09,198 - main - INFO - group_request - User Vlad Usichenko viewing group info 
2021-10-08 19:07:12,877 - main - INFO - client_answer_enroll_message - User Vlad Usichenko accept or decline enroll sending
2021-10-08 19:07:27,002 - main - INFO - check_client_enroll - Admin Vlad Usichenko answer to user enroll
2021-10-08 19:07:27,716 - main - INFO - check_client_enroll - User Vlad Usichenko ACCEPT umterrik enroll
2021-10-08 19:07:32,941 - main - INFO - menu_btn_clicked - User Vlad Usichenko viewing users courses
2021-10-08 19:07:46,234 - main - INFO - auth_step_two - User Vlad Usichenko try to enter as Trainer
2021-10-08 19:07:51,558 - main - INFO - check_password - User Vlad Usichenko choose trainer name
2021-10-08 19:07:56,037 - main - INFO - trainer_name_clicked - User Vlad Usichenko auth as Trainer: Vlad
2021-10-08 19:07:57,304 - main - INFO - menu_btn_clicked - User Vlad Usichenko viewing users courses
2021-10-08 19:09:04,456 - main - INFO - menu_btn_clicked - User Vlad Usichenko viewing users courses
2021-10-08 19:09:10,537 - main - INFO - from_main_menu - User Vlad Usichenko viewing groups students
2021-10-08 19:09:13,864 - main - INFO - student_clicked - User Vlad Usichenko viewing student info student id = 1
2021-10-08 19:09:16,219 - main - INFO - student_clicked - User Vlad Usichenko viewing student info student id = turn_back
2021-10-08 19:09:16,668 - main - INFO - menu_btn_clicked - User Vlad Usichenko viewing users courses
2021-10-08 19:09:22,062 - main - INFO - from_main_menu - User Vlad Usichenko viewing groups students
2021-10-08 19:09:22,677 - main - INFO - from_main_menu - User Vlad Usichenko want add chat to group
2021-10-08 19:09:40,181 - main - INFO - add_chat_to_stream - New chat for 1: https://t.me/joinchat/WtyiPO_AKigwYTUy 
2021-10-08 19:09:54,412 - main - INFO - auth_step_two - User Vlad Usichenko enter as Учень
2021-10-08 19:09:54,925 - main - INFO - menu_btn_clicked - User Vlad Usichenko viewing users courses
2021-10-08 19:15:38,616 - main - INFO - schedule_push - *** Today is Lesson in group id = 1
